<?xml version="1.0" encoding="UTF-8"?>
<!-- Generated by org.testng.reporters.JUnitReportReporter -->
<testsuite hostname="pc-002404-3" failures="0" tests="3" name="com.nopcommerce.account.Level_11_Global_Contants" time="13.809" errors="0" timestamp="15 May 2024 14:23:13 GMT" skipped="0">
  <testcase classname="com.nopcommerce.account.Level_11_Global_Contants" name="User_01_Register_Success" time="1.574"/>
  <testcase classname="com.nopcommerce.account.Level_11_Global_Contants" name="User_02_Switch_User_To_Admin" time="8.922"/>
  <testcase classname="com.nopcommerce.account.Level_11_Global_Contants" name="User_03_Switch_Admin_To_User" time="3.313"/>
</testsuite> <!-- com.nopcommerce.account.Level_11_Global_Contants -->
