<?xml version="1.0" encoding="UTF-8"?>
<!-- Generated by org.testng.reporters.JUnitReportReporter -->
<testsuite hostname="pc-002404-3" failures="0" tests="3" name="com.nopcommerce.account.Level_10_Switch_Role" time="69.958" errors="0" timestamp="14 May 2024 13:47:34 GMT" skipped="0">
  <testcase classname="com.nopcommerce.account.Level_10_Switch_Role" name="User_02_Switch_User_To_Admin" time="47.780"/>
  <testcase classname="com.nopcommerce.account.Level_10_Switch_Role" name="User_03_Switch_Admin_To_User" time="20.506"/>
  <testcase classname="com.nopcommerce.account.Level_10_Switch_Role" name="User_01_Register_Success" time="1.672"/>
</testsuite> <!-- com.nopcommerce.account.Level_10_Switch_Role -->
