<?xml version="1.0" encoding="UTF-8"?>
<!-- Generated by org.testng.reporters.JUnitReportReporter -->
<testsuite hostname="pc-002404-3" failures="0" tests="1" name="com.jquery.table.Level_13_Handle_DataTable" time="17.077" errors="0" timestamp="18 May 2024 08:31:31 GMT" skipped="0">
  <testcase classname="com.jquery.table.Level_13_Handle_DataTable" name="User_04_Switch_Page" time="17.077"/>
</testsuite> <!-- com.jquery.table.Level_13_Handle_DataTable -->
