<?xml version="1.0" encoding="UTF-8"?>
<!-- Generated by org.testng.reporters.JUnitReportReporter -->
<testsuite hostname="pc-002404-3" failures="0" tests="3" name="com.nopcommerce.account.Level_09_Page_Navigation" time="4.491" errors="0" timestamp="14 May 2024 12:42:35 GMT" skipped="0">
  <testcase classname="com.nopcommerce.account.Level_09_Page_Navigation" name="User_01_Register_Success" time="1.599"/>
  <testcase classname="com.nopcommerce.account.Level_09_Page_Navigation" name="User_02_Login" time="0.344"/>
  <testcase classname="com.nopcommerce.account.Level_09_Page_Navigation" name="User_03_Switch_Page" time="2.548"/>
</testsuite> <!-- com.nopcommerce.account.Level_09_Page_Navigation -->
