<?xml version="1.0" encoding="UTF-8"?>
<!-- Generated by org.testng.reporters.JUnitReportReporter -->
<testsuite hostname="pc-002404-3" failures="0" tests="4" name="com.nopcommerce.account.Level_12_Dynamic_Locator_Rest_Parameter" time="13.823" errors="0" timestamp="17 May 2024 14:12:35 GMT" skipped="0">
  <testcase classname="com.nopcommerce.account.Level_12_Dynamic_Locator_Rest_Parameter" name="User_03_Switch_Page" time="3.123"/>
  <testcase classname="com.nopcommerce.account.Level_12_Dynamic_Locator_Rest_Parameter" name="User_04_Switch_Page" time="3.279"/>
  <testcase classname="com.nopcommerce.account.Level_12_Dynamic_Locator_Rest_Parameter" name="User_02_Login" time="5.160"/>
  <testcase classname="com.nopcommerce.account.Level_12_Dynamic_Locator_Rest_Parameter" name="User_01_Register_Success" time="2.261"/>
</testsuite> <!-- com.nopcommerce.account.Level_12_Dynamic_Locator_Rest_Parameter -->
