<?xml version="1.0" encoding="UTF-8"?>
<!-- Generated by org.testng.reporters.JUnitReportReporter -->
<testsuite hostname="pc-002404-3" failures="0" tests="1" name="com.jquery.table.Level_13_Handle_DataTable" time="4.177" errors="0" timestamp="19 May 2024 03:52:13 GMT" skipped="0">
  <testcase classname="com.jquery.table.Level_13_Handle_DataTable" name="TC_06_Action_By_Index" time="4.177"/>
</testsuite> <!-- com.jquery.table.Level_13_Handle_DataTable -->
